<?xml version="1.0" encoding="UTF-8"?>
<testsuite xmlns:xsi="http://www.w3.org/2001/XMLSchema-instance" xsi:noNamespaceSchemaLocation="https://maven.apache.org/surefire/maven-surefire-plugin/xsd/surefire-test-report-3.0.xsd" version="3.0" name="nl.overheid.koop.basic.application.controller.BasicAuthControllerTest" time="6.774" tests="7" errors="0" skipped="0" failures="0">
  <properties>
    <property name="java.specification.version" value="17"/>
    <property name="sun.jnu.encoding" value="UTF-8"/>
    <property name="java.class.path" value="/home/dev/git/spring_basic/target/test-classes:/home/dev/git/spring_basic/target/classes:/home/dev/.m2/repository/org/springframework/boot/spring-boot-starter-web/3.2.5/spring-boot-starter-web-3.2.5.jar:/home/dev/.m2/repository/org/springframework/boot/spring-boot-starter/3.2.5/spring-boot-starter-3.2.5.jar:/home/dev/.m2/repository/org/springframework/boot/spring-boot/3.2.5/spring-boot-3.2.5.jar:/home/dev/.m2/repository/org/springframework/boot/spring-boot-autoconfigure/3.2.5/spring-boot-autoconfigure-3.2.5.jar:/home/dev/.m2/repository/org/springframework/boot/spring-boot-starter-logging/3.2.5/spring-boot-starter-logging-3.2.5.jar:/home/dev/.m2/repository/ch/qos/logback/logback-classic/1.4.14/logback-classic-1.4.14.jar:/home/dev/.m2/repository/ch/qos/logback/logback-core/1.4.14/logback-core-1.4.14.jar:/home/dev/.m2/repository/org/apache/logging/log4j/log4j-to-slf4j/2.21.1/log4j-to-slf4j-2.21.1.jar:/home/dev/.m2/repository/org/apache/logging/log4j/log4j-api/2.21.1/log4j-api-2.21.1.jar:/home/dev/.m2/repository/org/slf4j/jul-to-slf4j/2.0.13/jul-to-slf4j-2.0.13.jar:/home/dev/.m2/repository/jakarta/annotation/jakarta.annotation-api/2.1.1/jakarta.annotation-api-2.1.1.jar:/home/dev/.m2/repository/org/yaml/snakeyaml/2.2/snakeyaml-2.2.jar:/home/dev/.m2/repository/org/springframework/boot/spring-boot-starter-json/3.2.5/spring-boot-starter-json-3.2.5.jar:/home/dev/.m2/repository/com/fasterxml/jackson/core/jackson-databind/2.15.4/jackson-databind-2.15.4.jar:/home/dev/.m2/repository/com/fasterxml/jackson/core/jackson-annotations/2.15.4/jackson-annotations-2.15.4.jar:/home/dev/.m2/repository/com/fasterxml/jackson/core/jackson-core/2.15.4/jackson-core-2.15.4.jar:/home/dev/.m2/repository/com/fasterxml/jackson/datatype/jackson-datatype-jdk8/2.15.4/jackson-datatype-jdk8-2.15.4.jar:/home/dev/.m2/repository/com/fasterxml/jackson/datatype/jackson-datatype-jsr310/2.15.4/jackson-datatype-jsr310-2.15.4.jar:/home/dev/.m2/repository/com/fasterxml/jackson/module/jackson-module-parameter-names/2.15.4/jackson-module-parameter-names-2.15.4.jar:/home/dev/.m2/repository/org/springframework/boot/spring-boot-starter-tomcat/3.2.5/spring-boot-starter-tomcat-3.2.5.jar:/home/dev/.m2/repository/org/apache/tomcat/embed/tomcat-embed-core/10.1.20/tomcat-embed-core-10.1.20.jar:/home/dev/.m2/repository/org/apache/tomcat/embed/tomcat-embed-websocket/10.1.20/tomcat-embed-websocket-10.1.20.jar:/home/dev/.m2/repository/org/springframework/spring-web/6.1.6/spring-web-6.1.6.jar:/home/dev/.m2/repository/org/springframework/spring-webmvc/6.1.6/spring-webmvc-6.1.6.jar:/home/dev/.m2/repository/org/springframework/spring-expression/6.1.6/spring-expression-6.1.6.jar:/home/dev/.m2/repository/org/springframework/boot/spring-boot-starter-security/3.2.5/spring-boot-starter-security-3.2.5.jar:/home/dev/.m2/repository/org/springframework/spring-aop/6.1.6/spring-aop-6.1.6.jar:/home/dev/.m2/repository/org/springframework/security/spring-security-web/6.2.4/spring-security-web-6.2.4.jar:/home/dev/.m2/repository/org/springframework/security/spring-security-config/6.2.4/spring-security-config-6.2.4.jar:/home/dev/.m2/repository/org/springframework/security/spring-security-core/6.2.4/spring-security-core-6.2.4.jar:/home/dev/.m2/repository/org/springframework/security/spring-security-crypto/6.2.4/spring-security-crypto-6.2.4.jar:/home/dev/.m2/repository/org/springframework/spring-beans/6.1.6/spring-beans-6.1.6.jar:/home/dev/.m2/repository/org/springframework/spring-context/6.1.6/spring-context-6.1.6.jar:/home/dev/.m2/repository/org/springframework/spring-core/6.1.6/spring-core-6.1.6.jar:/home/dev/.m2/repository/org/springframework/spring-jcl/6.1.6/spring-jcl-6.1.6.jar:/home/dev/.m2/repository/org/springframework/boot/spring-boot-starter-actuator/3.2.5/spring-boot-starter-actuator-3.2.5.jar:/home/dev/.m2/repository/org/springframework/boot/spring-boot-actuator-autoconfigure/3.2.5/spring-boot-actuator-autoconfigure-3.2.5.jar:/home/dev/.m2/repository/org/springframework/boot/spring-boot-actuator/3.2.5/spring-boot-actuator-3.2.5.jar:/home/dev/.m2/repository/io/micrometer/micrometer-observation/1.12.5/micrometer-observation-1.12.5.jar:/home/dev/.m2/repository/io/micrometer/micrometer-commons/1.12.5/micrometer-commons-1.12.5.jar:/home/dev/.m2/repository/io/micrometer/micrometer-jakarta9/1.12.5/micrometer-jakarta9-1.12.5.jar:/home/dev/.m2/repository/io/micrometer/micrometer-core/1.12.5/micrometer-core-1.12.5.jar:/home/dev/.m2/repository/org/hdrhistogram/HdrHistogram/2.1.12/HdrHistogram-2.1.12.jar:/home/dev/.m2/repository/org/latencyutils/LatencyUtils/2.0.3/LatencyUtils-2.0.3.jar:/home/dev/.m2/repository/org/springframework/boot/spring-boot-starter-validation/3.2.5/spring-boot-starter-validation-3.2.5.jar:/home/dev/.m2/repository/org/apache/tomcat/embed/tomcat-embed-el/10.1.20/tomcat-embed-el-10.1.20.jar:/home/dev/.m2/repository/org/hibernate/validator/hibernate-validator/8.0.1.Final/hibernate-validator-8.0.1.Final.jar:/home/dev/.m2/repository/jakarta/validation/jakarta.validation-api/3.0.2/jakarta.validation-api-3.0.2.jar:/home/dev/.m2/repository/org/jboss/logging/jboss-logging/3.5.3.Final/jboss-logging-3.5.3.Final.jar:/home/dev/.m2/repository/com/fasterxml/classmate/1.6.0/classmate-1.6.0.jar:/home/dev/.m2/repository/org/springframework/boot/spring-boot-starter-test/3.2.5/spring-boot-starter-test-3.2.5.jar:/home/dev/.m2/repository/org/springframework/boot/spring-boot-test/3.2.5/spring-boot-test-3.2.5.jar:/home/dev/.m2/repository/org/springframework/boot/spring-boot-test-autoconfigure/3.2.5/spring-boot-test-autoconfigure-3.2.5.jar:/home/dev/.m2/repository/com/jayway/jsonpath/json-path/2.9.0/json-path-2.9.0.jar:/home/dev/.m2/repository/org/slf4j/slf4j-api/2.0.13/slf4j-api-2.0.13.jar:/home/dev/.m2/repository/jakarta/xml/bind/jakarta.xml.bind-api/4.0.2/jakarta.xml.bind-api-4.0.2.jar:/home/dev/.m2/repository/jakarta/activation/jakarta.activation-api/2.1.3/jakarta.activation-api-2.1.3.jar:/home/dev/.m2/repository/net/minidev/json-smart/2.5.1/json-smart-2.5.1.jar:/home/dev/.m2/repository/net/minidev/accessors-smart/2.5.1/accessors-smart-2.5.1.jar:/home/dev/.m2/repository/org/ow2/asm/asm/9.6/asm-9.6.jar:/home/dev/.m2/repository/org/assertj/assertj-core/3.24.2/assertj-core-3.24.2.jar:/home/dev/.m2/repository/net/bytebuddy/byte-buddy/1.14.13/byte-buddy-1.14.13.jar:/home/dev/.m2/repository/org/awaitility/awaitility/4.2.1/awaitility-4.2.1.jar:/home/dev/.m2/repository/org/junit/jupiter/junit-jupiter/5.10.2/junit-jupiter-5.10.2.jar:/home/dev/.m2/repository/org/junit/jupiter/junit-jupiter-api/5.10.2/junit-jupiter-api-5.10.2.jar:/home/dev/.m2/repository/org/opentest4j/opentest4j/1.3.0/opentest4j-1.3.0.jar:/home/dev/.m2/repository/org/junit/platform/junit-platform-commons/1.10.2/junit-platform-commons-1.10.2.jar:/home/dev/.m2/repository/org/apiguardian/apiguardian-api/1.1.2/apiguardian-api-1.1.2.jar:/home/dev/.m2/repository/org/junit/jupiter/junit-jupiter-params/5.10.2/junit-jupiter-params-5.10.2.jar:/home/dev/.m2/repository/org/junit/jupiter/junit-jupiter-engine/5.10.2/junit-jupiter-engine-5.10.2.jar:/home/dev/.m2/repository/org/junit/platform/junit-platform-engine/1.10.2/junit-platform-engine-1.10.2.jar:/home/dev/.m2/repository/org/mockito/mockito-core/5.7.0/mockito-core-5.7.0.jar:/home/dev/.m2/repository/net/bytebuddy/byte-buddy-agent/1.14.13/byte-buddy-agent-1.14.13.jar:/home/dev/.m2/repository/org/objenesis/objenesis/3.3/objenesis-3.3.jar:/home/dev/.m2/repository/org/mockito/mockito-junit-jupiter/5.7.0/mockito-junit-jupiter-5.7.0.jar:/home/dev/.m2/repository/org/skyscreamer/jsonassert/1.5.1/jsonassert-1.5.1.jar:/home/dev/.m2/repository/com/vaadin/external/google/android-json/0.0.20131108.vaadin1/android-json-0.0.20131108.vaadin1.jar:/home/dev/.m2/repository/org/springframework/spring-test/6.1.6/spring-test-6.1.6.jar:/home/dev/.m2/repository/org/xmlunit/xmlunit-core/2.9.1/xmlunit-core-2.9.1.jar:/home/dev/.m2/repository/org/projectlombok/lombok/1.18.34/lombok-1.18.34.jar:/home/dev/.m2/repository/io/rest-assured/rest-assured/5.4.0/rest-assured-5.4.0.jar:/home/dev/.m2/repository/org/apache/groovy/groovy/4.0.21/groovy-4.0.21.jar:/home/dev/.m2/repository/org/apache/groovy/groovy-xml/4.0.21/groovy-xml-4.0.21.jar:/home/dev/.m2/repository/org/apache/httpcomponents/httpclient/4.5.13/httpclient-4.5.13.jar:/home/dev/.m2/repository/org/apache/httpcomponents/httpcore/4.4.16/httpcore-4.4.16.jar:/home/dev/.m2/repository/commons-logging/commons-logging/1.2/commons-logging-1.2.jar:/home/dev/.m2/repository/commons-codec/commons-codec/1.16.1/commons-codec-1.16.1.jar:/home/dev/.m2/repository/org/apache/httpcomponents/httpmime/4.5.13/httpmime-4.5.13.jar:/home/dev/.m2/repository/org/ccil/cowan/tagsoup/tagsoup/1.2.1/tagsoup-1.2.1.jar:/home/dev/.m2/repository/io/rest-assured/xml-path/5.3.2/xml-path-5.3.2.jar:/home/dev/.m2/repository/org/apache/commons/commons-lang3/3.13.0/commons-lang3-3.13.0.jar:/home/dev/.m2/repository/io/rest-assured/json-path/5.4.0/json-path-5.4.0.jar:/home/dev/.m2/repository/org/apache/groovy/groovy-json/4.0.21/groovy-json-4.0.21.jar:/home/dev/.m2/repository/io/rest-assured/rest-assured-common/5.3.2/rest-assured-common-5.3.2.jar:/home/dev/.m2/repository/org/hamcrest/hamcrest/2.2/hamcrest-2.2.jar:"/>
    <property name="java.vm.vendor" value="Ubuntu"/>
    <property name="sun.arch.data.model" value="64"/>
    <property name="catalina.useNaming" value="false"/>
    <property name="java.vendor.url" value="https://ubuntu.com/"/>
    <property name="user.timezone" value="Europe/Amsterdam"/>
    <property name="org.jboss.logging.provider" value="slf4j"/>
    <property name="os.name" value="Linux"/>
    <property name="java.vm.specification.version" value="17"/>
    <property name="sun.java.launcher" value="SUN_STANDARD"/>
    <property name="user.country" value="US"/>
    <property name="sun.boot.library.path" value="/usr/lib/jvm/java-17-openjdk-amd64/lib"/>
    <property name="sun.java.command" value="/home/dev/git/spring_basic/target/surefire/surefirebooter-20240901121300289_3.jar /home/dev/git/spring_basic/target/surefire 2024-09-01T12-13-00_179-jvmRun1 surefire-20240901121300289_1tmp surefire_0-20240901121300289_2tmp"/>
    <property name="jdk.debug" value="release"/>
    <property name="surefire.test.class.path" value="/home/dev/git/spring_basic/target/test-classes:/home/dev/git/spring_basic/target/classes:/home/dev/.m2/repository/org/springframework/boot/spring-boot-starter-web/3.2.5/spring-boot-starter-web-3.2.5.jar:/home/dev/.m2/repository/org/springframework/boot/spring-boot-starter/3.2.5/spring-boot-starter-3.2.5.jar:/home/dev/.m2/repository/org/springframework/boot/spring-boot/3.2.5/spring-boot-3.2.5.jar:/home/dev/.m2/repository/org/springframework/boot/spring-boot-autoconfigure/3.2.5/spring-boot-autoconfigure-3.2.5.jar:/home/dev/.m2/repository/org/springframework/boot/spring-boot-starter-logging/3.2.5/spring-boot-starter-logging-3.2.5.jar:/home/dev/.m2/repository/ch/qos/logback/logback-classic/1.4.14/logback-classic-1.4.14.jar:/home/dev/.m2/repository/ch/qos/logback/logback-core/1.4.14/logback-core-1.4.14.jar:/home/dev/.m2/repository/org/apache/logging/log4j/log4j-to-slf4j/2.21.1/log4j-to-slf4j-2.21.1.jar:/home/dev/.m2/repository/org/apache/logging/log4j/log4j-api/2.21.1/log4j-api-2.21.1.jar:/home/dev/.m2/repository/org/slf4j/jul-to-slf4j/2.0.13/jul-to-slf4j-2.0.13.jar:/home/dev/.m2/repository/jakarta/annotation/jakarta.annotation-api/2.1.1/jakarta.annotation-api-2.1.1.jar:/home/dev/.m2/repository/org/yaml/snakeyaml/2.2/snakeyaml-2.2.jar:/home/dev/.m2/repository/org/springframework/boot/spring-boot-starter-json/3.2.5/spring-boot-starter-json-3.2.5.jar:/home/dev/.m2/repository/com/fasterxml/jackson/core/jackson-databind/2.15.4/jackson-databind-2.15.4.jar:/home/dev/.m2/repository/com/fasterxml/jackson/core/jackson-annotations/2.15.4/jackson-annotations-2.15.4.jar:/home/dev/.m2/repository/com/fasterxml/jackson/core/jackson-core/2.15.4/jackson-core-2.15.4.jar:/home/dev/.m2/repository/com/fasterxml/jackson/datatype/jackson-datatype-jdk8/2.15.4/jackson-datatype-jdk8-2.15.4.jar:/home/dev/.m2/repository/com/fasterxml/jackson/datatype/jackson-datatype-jsr310/2.15.4/jackson-datatype-jsr310-2.15.4.jar:/home/dev/.m2/repository/com/fasterxml/jackson/module/jackson-module-parameter-names/2.15.4/jackson-module-parameter-names-2.15.4.jar:/home/dev/.m2/repository/org/springframework/boot/spring-boot-starter-tomcat/3.2.5/spring-boot-starter-tomcat-3.2.5.jar:/home/dev/.m2/repository/org/apache/tomcat/embed/tomcat-embed-core/10.1.20/tomcat-embed-core-10.1.20.jar:/home/dev/.m2/repository/org/apache/tomcat/embed/tomcat-embed-websocket/10.1.20/tomcat-embed-websocket-10.1.20.jar:/home/dev/.m2/repository/org/springframework/spring-web/6.1.6/spring-web-6.1.6.jar:/home/dev/.m2/repository/org/springframework/spring-webmvc/6.1.6/spring-webmvc-6.1.6.jar:/home/dev/.m2/repository/org/springframework/spring-expression/6.1.6/spring-expression-6.1.6.jar:/home/dev/.m2/repository/org/springframework/boot/spring-boot-starter-security/3.2.5/spring-boot-starter-security-3.2.5.jar:/home/dev/.m2/repository/org/springframework/spring-aop/6.1.6/spring-aop-6.1.6.jar:/home/dev/.m2/repository/org/springframework/security/spring-security-web/6.2.4/spring-security-web-6.2.4.jar:/home/dev/.m2/repository/org/springframework/security/spring-security-config/6.2.4/spring-security-config-6.2.4.jar:/home/dev/.m2/repository/org/springframework/security/spring-security-core/6.2.4/spring-security-core-6.2.4.jar:/home/dev/.m2/repository/org/springframework/security/spring-security-crypto/6.2.4/spring-security-crypto-6.2.4.jar:/home/dev/.m2/repository/org/springframework/spring-beans/6.1.6/spring-beans-6.1.6.jar:/home/dev/.m2/repository/org/springframework/spring-context/6.1.6/spring-context-6.1.6.jar:/home/dev/.m2/repository/org/springframework/spring-core/6.1.6/spring-core-6.1.6.jar:/home/dev/.m2/repository/org/springframework/spring-jcl/6.1.6/spring-jcl-6.1.6.jar:/home/dev/.m2/repository/org/springframework/boot/spring-boot-starter-actuator/3.2.5/spring-boot-starter-actuator-3.2.5.jar:/home/dev/.m2/repository/org/springframework/boot/spring-boot-actuator-autoconfigure/3.2.5/spring-boot-actuator-autoconfigure-3.2.5.jar:/home/dev/.m2/repository/org/springframework/boot/spring-boot-actuator/3.2.5/spring-boot-actuator-3.2.5.jar:/home/dev/.m2/repository/io/micrometer/micrometer-observation/1.12.5/micrometer-observation-1.12.5.jar:/home/dev/.m2/repository/io/micrometer/micrometer-commons/1.12.5/micrometer-commons-1.12.5.jar:/home/dev/.m2/repository/io/micrometer/micrometer-jakarta9/1.12.5/micrometer-jakarta9-1.12.5.jar:/home/dev/.m2/repository/io/micrometer/micrometer-core/1.12.5/micrometer-core-1.12.5.jar:/home/dev/.m2/repository/org/hdrhistogram/HdrHistogram/2.1.12/HdrHistogram-2.1.12.jar:/home/dev/.m2/repository/org/latencyutils/LatencyUtils/2.0.3/LatencyUtils-2.0.3.jar:/home/dev/.m2/repository/org/springframework/boot/spring-boot-starter-validation/3.2.5/spring-boot-starter-validation-3.2.5.jar:/home/dev/.m2/repository/org/apache/tomcat/embed/tomcat-embed-el/10.1.20/tomcat-embed-el-10.1.20.jar:/home/dev/.m2/repository/org/hibernate/validator/hibernate-validator/8.0.1.Final/hibernate-validator-8.0.1.Final.jar:/home/dev/.m2/repository/jakarta/validation/jakarta.validation-api/3.0.2/jakarta.validation-api-3.0.2.jar:/home/dev/.m2/repository/org/jboss/logging/jboss-logging/3.5.3.Final/jboss-logging-3.5.3.Final.jar:/home/dev/.m2/repository/com/fasterxml/classmate/1.6.0/classmate-1.6.0.jar:/home/dev/.m2/repository/org/springframework/boot/spring-boot-starter-test/3.2.5/spring-boot-starter-test-3.2.5.jar:/home/dev/.m2/repository/org/springframework/boot/spring-boot-test/3.2.5/spring-boot-test-3.2.5.jar:/home/dev/.m2/repository/org/springframework/boot/spring-boot-test-autoconfigure/3.2.5/spring-boot-test-autoconfigure-3.2.5.jar:/home/dev/.m2/repository/com/jayway/jsonpath/json-path/2.9.0/json-path-2.9.0.jar:/home/dev/.m2/repository/org/slf4j/slf4j-api/2.0.13/slf4j-api-2.0.13.jar:/home/dev/.m2/repository/jakarta/xml/bind/jakarta.xml.bind-api/4.0.2/jakarta.xml.bind-api-4.0.2.jar:/home/dev/.m2/repository/jakarta/activation/jakarta.activation-api/2.1.3/jakarta.activation-api-2.1.3.jar:/home/dev/.m2/repository/net/minidev/json-smart/2.5.1/json-smart-2.5.1.jar:/home/dev/.m2/repository/net/minidev/accessors-smart/2.5.1/accessors-smart-2.5.1.jar:/home/dev/.m2/repository/org/ow2/asm/asm/9.6/asm-9.6.jar:/home/dev/.m2/repository/org/assertj/assertj-core/3.24.2/assertj-core-3.24.2.jar:/home/dev/.m2/repository/net/bytebuddy/byte-buddy/1.14.13/byte-buddy-1.14.13.jar:/home/dev/.m2/repository/org/awaitility/awaitility/4.2.1/awaitility-4.2.1.jar:/home/dev/.m2/repository/org/junit/jupiter/junit-jupiter/5.10.2/junit-jupiter-5.10.2.jar:/home/dev/.m2/repository/org/junit/jupiter/junit-jupiter-api/5.10.2/junit-jupiter-api-5.10.2.jar:/home/dev/.m2/repository/org/opentest4j/opentest4j/1.3.0/opentest4j-1.3.0.jar:/home/dev/.m2/repository/org/junit/platform/junit-platform-commons/1.10.2/junit-platform-commons-1.10.2.jar:/home/dev/.m2/repository/org/apiguardian/apiguardian-api/1.1.2/apiguardian-api-1.1.2.jar:/home/dev/.m2/repository/org/junit/jupiter/junit-jupiter-params/5.10.2/junit-jupiter-params-5.10.2.jar:/home/dev/.m2/repository/org/junit/jupiter/junit-jupiter-engine/5.10.2/junit-jupiter-engine-5.10.2.jar:/home/dev/.m2/repository/org/junit/platform/junit-platform-engine/1.10.2/junit-platform-engine-1.10.2.jar:/home/dev/.m2/repository/org/mockito/mockito-core/5.7.0/mockito-core-5.7.0.jar:/home/dev/.m2/repository/net/bytebuddy/byte-buddy-agent/1.14.13/byte-buddy-agent-1.14.13.jar:/home/dev/.m2/repository/org/objenesis/objenesis/3.3/objenesis-3.3.jar:/home/dev/.m2/repository/org/mockito/mockito-junit-jupiter/5.7.0/mockito-junit-jupiter-5.7.0.jar:/home/dev/.m2/repository/org/skyscreamer/jsonassert/1.5.1/jsonassert-1.5.1.jar:/home/dev/.m2/repository/com/vaadin/external/google/android-json/0.0.20131108.vaadin1/android-json-0.0.20131108.vaadin1.jar:/home/dev/.m2/repository/org/springframework/spring-test/6.1.6/spring-test-6.1.6.jar:/home/dev/.m2/repository/org/xmlunit/xmlunit-core/2.9.1/xmlunit-core-2.9.1.jar:/home/dev/.m2/repository/org/projectlombok/lombok/1.18.34/lombok-1.18.34.jar:/home/dev/.m2/repository/io/rest-assured/rest-assured/5.4.0/rest-assured-5.4.0.jar:/home/dev/.m2/repository/org/apache/groovy/groovy/4.0.21/groovy-4.0.21.jar:/home/dev/.m2/repository/org/apache/groovy/groovy-xml/4.0.21/groovy-xml-4.0.21.jar:/home/dev/.m2/repository/org/apache/httpcomponents/httpclient/4.5.13/httpclient-4.5.13.jar:/home/dev/.m2/repository/org/apache/httpcomponents/httpcore/4.4.16/httpcore-4.4.16.jar:/home/dev/.m2/repository/commons-logging/commons-logging/1.2/commons-logging-1.2.jar:/home/dev/.m2/repository/commons-codec/commons-codec/1.16.1/commons-codec-1.16.1.jar:/home/dev/.m2/repository/org/apache/httpcomponents/httpmime/4.5.13/httpmime-4.5.13.jar:/home/dev/.m2/repository/org/ccil/cowan/tagsoup/tagsoup/1.2.1/tagsoup-1.2.1.jar:/home/dev/.m2/repository/io/rest-assured/xml-path/5.3.2/xml-path-5.3.2.jar:/home/dev/.m2/repository/org/apache/commons/commons-lang3/3.13.0/commons-lang3-3.13.0.jar:/home/dev/.m2/repository/io/rest-assured/json-path/5.4.0/json-path-5.4.0.jar:/home/dev/.m2/repository/org/apache/groovy/groovy-json/4.0.21/groovy-json-4.0.21.jar:/home/dev/.m2/repository/io/rest-assured/rest-assured-common/5.3.2/rest-assured-common-5.3.2.jar:/home/dev/.m2/repository/org/hamcrest/hamcrest/2.2/hamcrest-2.2.jar:"/>
    <property name="sun.cpu.endian" value="little"/>
    <property name="user.home" value="/home/dev"/>
    <property name="user.language" value="en"/>
    <property name="java.specification.vendor" value="Oracle Corporation"/>
    <property name="java.version.date" value="2024-07-16"/>
    <property name="java.home" value="/usr/lib/jvm/java-17-openjdk-amd64"/>
    <property name="file.separator" value="/"/>
    <property name="basedir" value="/home/dev/git/spring_basic"/>
    <property name="java.vm.compressedOopsMode" value="Zero based"/>
    <property name="line.separator" value="&#10;"/>
    <property name="java.specification.name" value="Java Platform API Specification"/>
    <property name="java.vm.specification.vendor" value="Oracle Corporation"/>
    <property name="FILE_LOG_CHARSET" value="UTF-8"/>
    <property name="java.awt.headless" value="true"/>
    <property name="surefire.real.class.path" value="/home/dev/git/spring_basic/target/surefire/surefirebooter-20240901121300289_3.jar"/>
    <property name="sun.management.compiler" value="HotSpot 64-Bit Tiered Compilers"/>
    <property name="java.runtime.version" value="17.0.12+7-Ubuntu-1ubuntu220.04"/>
    <property name="user.name" value="dev"/>
    <property name="path.separator" value=":"/>
    <property name="os.version" value="5.15.0-119-generic"/>
    <property name="java.runtime.name" value="OpenJDK Runtime Environment"/>
    <property name="file.encoding" value="UTF-8"/>
    <property name="java.vm.name" value="OpenJDK 64-Bit Server VM"/>
    <property name="localRepository" value="/home/dev/.m2/repository"/>
    <property name="java.vendor.url.bug" value="https://bugs.launchpad.net/ubuntu/+source/openjdk-17"/>
    <property name="java.io.tmpdir" value="/tmp"/>
    <property name="idea.version" value="2024.2.0.2"/>
    <property name="catalina.home" value="/tmp/tomcat.0.704896261913170684"/>
    <property name="java.version" value="17.0.12"/>
    <property name="user.dir" value="/home/dev/git/spring_basic"/>
    <property name="os.arch" value="amd64"/>
    <property name="java.vm.specification.name" value="Java Virtual Machine Specification"/>
    <property name="PID" value="7685"/>
    <property name="CONSOLE_LOG_CHARSET" value="UTF-8"/>
    <property name="catalina.base" value="/tmp/tomcat.0.704896261913170684"/>
    <property name="native.encoding" value="UTF-8"/>
    <property name="java.library.path" value="/usr/java/packages/lib:/usr/lib/x86_64-linux-gnu/jni:/lib/x86_64-linux-gnu:/usr/lib/x86_64-linux-gnu:/usr/lib/jni:/lib:/usr/lib"/>
    <property name="java.vm.info" value="mixed mode, sharing"/>
    <property name="java.vendor" value="Ubuntu"/>
    <property name="java.vm.version" value="17.0.12+7-Ubuntu-1ubuntu220.04"/>
    <property name="sun.io.unicode.encoding" value="UnicodeLittle"/>
    <property name="java.class.version" value="61.0"/>
    <property name="LOGGED_APPLICATION_NAME" value="[MyApplication] "/>
  </properties>
  <testcase name="testAdminAuthorizedForPublicEndpoint" classname="nl.overheid.koop.basic.application.controller.BasicAuthControllerTest" time="2.095">
    <system-out><![CDATA[
  .   ____          _            __ _ _
 /\\ / ___'_ __ _ _(_)_ __  __ _ \ \ \ \
( ( )\___ | '_ | '_| | '_ \/ _` | \ \ \ \
 \\/  ___)| |_)| | | | | || (_| |  ) ) ) )
  '  |____| .__|_| |_|_| |_\__, | / / / /
 =========|_|==============|___/=/_/_/_/
 :: Spring Boot ::                (v3.2.5)

2024-09-01T12:13:01.659+02:00  INFO 7685 --- [MyApplication] [           main] n.o.k.b.a.c.BasicAuthControllerTest      : Starting BasicAuthControllerTest using Java 17.0.12 with PID 7685 (started by dev in /home/dev/git/spring_basic)
2024-09-01T12:13:01.662+02:00  INFO 7685 --- [MyApplication] [           main] n.o.k.b.a.c.BasicAuthControllerTest      : The following 1 profile is active: "local"
2024-09-01T12:13:03.452+02:00  INFO 7685 --- [MyApplication] [           main] o.s.b.w.embedded.tomcat.TomcatWebServer  : Tomcat initialized with port 0 (http)
2024-09-01T12:13:03.464+02:00  INFO 7685 --- [MyApplication] [           main] o.apache.catalina.core.StandardService   : Starting service [Tomcat]
2024-09-01T12:13:03.464+02:00  INFO 7685 --- [MyApplication] [           main] o.apache.catalina.core.StandardEngine    : Starting Servlet engine: [Apache Tomcat/10.1.20]
2024-09-01T12:13:03.533+02:00  INFO 7685 --- [MyApplication] [           main] o.a.c.c.C.[Tomcat].[localhost].[/]       : Initializing Spring embedded WebApplicationContext
2024-09-01T12:13:03.534+02:00  INFO 7685 --- [MyApplication] [           main] w.s.c.ServletWebServerApplicationContext : Root WebApplicationContext: initialization completed in 1599 ms
2024-09-01T12:13:03.993+02:00  INFO 7685 --- [MyApplication] [           main] o.s.b.a.w.s.WelcomePageHandlerMapping    : Adding welcome page: class path resource [static/index.html]
2024-09-01T12:13:04.357+02:00  INFO 7685 --- [MyApplication] [           main] o.s.b.a.e.web.EndpointLinksResolver      : Exposing 13 endpoint(s) beneath base path '/actuator'
2024-09-01T12:13:04.458+02:00  INFO 7685 --- [MyApplication] [           main] o.s.s.web.DefaultSecurityFilterChain     : Will secure any request with [org.springframework.security.web.session.DisableEncodeUrlFilter@3982206a, org.springframework.security.web.session.ForceEagerSessionCreationFilter@3e9fb485, org.springframework.security.web.context.request.async.WebAsyncManagerIntegrationFilter@4f3fec43, org.springframework.security.web.context.SecurityContextHolderFilter@20890a1a, org.springframework.security.web.header.HeaderWriterFilter@f48a080, org.springframework.web.filter.CorsFilter@38dbeb39, org.springframework.security.web.csrf.CsrfFilter@22aefae0, org.springframework.security.web.authentication.logout.LogoutFilter@4315fe1b, org.springframework.security.web.authentication.www.BasicAuthenticationFilter@250a946, org.springframework.security.web.savedrequest.RequestCacheAwareFilter@78bad03b, org.springframework.security.web.servletapi.SecurityContextHolderAwareRequestFilter@26101efc, org.springframework.security.web.authentication.AnonymousAuthenticationFilter@10f20d38, org.springframework.security.web.session.SessionManagementFilter@61c87f1b, org.springframework.security.web.access.ExceptionTranslationFilter@749d7c01, org.springframework.security.web.access.intercept.AuthorizationFilter@7e4ac598]
2024-09-01T12:13:04.913+02:00  INFO 7685 --- [MyApplication] [           main] o.s.b.w.embedded.tomcat.TomcatWebServer  : Tomcat started on port 46729 (http) with context path ''
2024-09-01T12:13:04.931+02:00  INFO 7685 --- [MyApplication] [           main] n.o.k.b.a.c.BasicAuthControllerTest      : Started BasicAuthControllerTest in 3.679 seconds (process running for 4.582)
2024-09-01T12:13:06.919+02:00  INFO 7685 --- [MyApplication] [o-auto-1-exec-1] o.a.c.c.C.[Tomcat].[localhost].[/]       : Initializing Spring DispatcherServlet 'dispatcherServlet'
2024-09-01T12:13:06.920+02:00  INFO 7685 --- [MyApplication] [o-auto-1-exec-1] o.s.web.servlet.DispatcherServlet        : Initializing Servlet 'dispatcherServlet'
2024-09-01T12:13:06.921+02:00  INFO 7685 --- [MyApplication] [o-auto-1-exec-1] o.s.web.servlet.DispatcherServlet        : Completed initialization in 1 ms
]]></system-out>
  </testcase>
  <testcase name="testUserAuthorizedUserEndpoint" classname="nl.overheid.koop.basic.application.controller.BasicAuthControllerTest" time="0.2"/>
  <testcase name="testAdminAuthorizedForUserEndpoint" classname="nl.overheid.koop.basic.application.controller.BasicAuthControllerTest" time="0.09"/>
  <testcase name="testAnonymousAuthorizedForPublicEndpoint" classname="nl.overheid.koop.basic.application.controller.BasicAuthControllerTest" time="0.025"/>
  <testcase name="testUserNotAuthorizedAdminEndpoint" classname="nl.overheid.koop.basic.application.controller.BasicAuthControllerTest" time="0.127"/>
  <testcase name="testUserAuthorizedForPublicEndpoint" classname="nl.overheid.koop.basic.application.controller.BasicAuthControllerTest" time="0.022"/>
  <testcase name="testAdminAuthorizedAdminEndpoint" classname="nl.overheid.koop.basic.application.controller.BasicAuthControllerTest" time="0.086"/>
</testsuite>